ARM GAS  /tmp/ccnAcUbG.s 			page 1


   1              		.cpu cortex-m3
   2              		.eabi_attribute 20, 1
   3              		.eabi_attribute 21, 1
   4              		.eabi_attribute 23, 3
   5              		.eabi_attribute 24, 1
   6              		.eabi_attribute 25, 1
   7              		.eabi_attribute 26, 1
   8              		.eabi_attribute 30, 1
   9              		.eabi_attribute 34, 1
  10              		.eabi_attribute 18, 4
  11              		.file	"gpio.c"
  12              		.text
  13              	.Ltext0:
  14              		.cfi_sections	.debug_frame
  15              		.section	.text.MX_GPIO_Init,"ax",%progbits
  16              		.align	1
  17              		.global	MX_GPIO_Init
  18              		.arch armv7-m
  19              		.syntax unified
  20              		.thumb
  21              		.thumb_func
  22              		.fpu softvfp
  24              	MX_GPIO_Init:
  25              	.LFB66:
  26              		.file 1 "Src/gpio.c"
   1:Src/gpio.c    **** /**
   2:Src/gpio.c    ****   ******************************************************************************
   3:Src/gpio.c    ****   * File Name          : gpio.c
   4:Src/gpio.c    ****   * Description        : This file provides code for the configuration
   5:Src/gpio.c    ****   *                      of all used GPIO pins.
   6:Src/gpio.c    ****   ******************************************************************************
   7:Src/gpio.c    ****   ** This notice applies to any and all portions of this file
   8:Src/gpio.c    ****   * that are not between comment pairs USER CODE BEGIN and
   9:Src/gpio.c    ****   * USER CODE END. Other portions of this file, whether
  10:Src/gpio.c    ****   * inserted by the user or by software development tools
  11:Src/gpio.c    ****   * are owned by their respective copyright owners.
  12:Src/gpio.c    ****   *
  13:Src/gpio.c    ****   * COPYRIGHT(c) 2022 STMicroelectronics
  14:Src/gpio.c    ****   *
  15:Src/gpio.c    ****   * Redistribution and use in source and binary forms, with or without modification,
  16:Src/gpio.c    ****   * are permitted provided that the following conditions are met:
  17:Src/gpio.c    ****   *   1. Redistributions of source code must retain the above copyright notice,
  18:Src/gpio.c    ****   *      this list of conditions and the following disclaimer.
  19:Src/gpio.c    ****   *   2. Redistributions in binary form must reproduce the above copyright notice,
  20:Src/gpio.c    ****   *      this list of conditions and the following disclaimer in the documentation
  21:Src/gpio.c    ****   *      and/or other materials provided with the distribution.
  22:Src/gpio.c    ****   *   3. Neither the name of STMicroelectronics nor the names of its contributors
  23:Src/gpio.c    ****   *      may be used to endorse or promote products derived from this software
  24:Src/gpio.c    ****   *      without specific prior written permission.
  25:Src/gpio.c    ****   *
  26:Src/gpio.c    ****   * THIS SOFTWARE IS PROVIDED BY THE COPYRIGHT HOLDERS AND CONTRIBUTORS "AS IS"
  27:Src/gpio.c    ****   * AND ANY EXPRESS OR IMPLIED WARRANTIES, INCLUDING, BUT NOT LIMITED TO, THE
  28:Src/gpio.c    ****   * IMPLIED WARRANTIES OF MERCHANTABILITY AND FITNESS FOR A PARTICULAR PURPOSE ARE
  29:Src/gpio.c    ****   * DISCLAIMED. IN NO EVENT SHALL THE COPYRIGHT HOLDER OR CONTRIBUTORS BE LIABLE
  30:Src/gpio.c    ****   * FOR ANY DIRECT, INDIRECT, INCIDENTAL, SPECIAL, EXEMPLARY, OR CONSEQUENTIAL
  31:Src/gpio.c    ****   * DAMAGES (INCLUDING, BUT NOT LIMITED TO, PROCUREMENT OF SUBSTITUTE GOODS OR
  32:Src/gpio.c    ****   * SERVICES; LOSS OF USE, DATA, OR PROFITS; OR BUSINESS INTERRUPTION) HOWEVER
ARM GAS  /tmp/ccnAcUbG.s 			page 2


  33:Src/gpio.c    ****   * CAUSED AND ON ANY THEORY OF LIABILITY, WHETHER IN CONTRACT, STRICT LIABILITY,
  34:Src/gpio.c    ****   * OR TORT (INCLUDING NEGLIGENCE OR OTHERWISE) ARISING IN ANY WAY OUT OF THE USE
  35:Src/gpio.c    ****   * OF THIS SOFTWARE, EVEN IF ADVISED OF THE POSSIBILITY OF SUCH DAMAGE.
  36:Src/gpio.c    ****   *
  37:Src/gpio.c    ****   ******************************************************************************
  38:Src/gpio.c    ****   */
  39:Src/gpio.c    **** 
  40:Src/gpio.c    **** /* Includes ------------------------------------------------------------------*/
  41:Src/gpio.c    **** #include "gpio.h"
  42:Src/gpio.c    **** /* USER CODE BEGIN 0 */
  43:Src/gpio.c    **** 
  44:Src/gpio.c    **** /* USER CODE END 0 */
  45:Src/gpio.c    **** 
  46:Src/gpio.c    **** /*----------------------------------------------------------------------------*/
  47:Src/gpio.c    **** /* Configure GPIO                                                             */
  48:Src/gpio.c    **** /*----------------------------------------------------------------------------*/
  49:Src/gpio.c    **** /* USER CODE BEGIN 1 */
  50:Src/gpio.c    **** 
  51:Src/gpio.c    **** /* USER CODE END 1 */
  52:Src/gpio.c    **** 
  53:Src/gpio.c    **** /** Configure pins as
  54:Src/gpio.c    ****         * Analog
  55:Src/gpio.c    ****         * Input
  56:Src/gpio.c    ****         * Output
  57:Src/gpio.c    ****         * EVENT_OUT
  58:Src/gpio.c    ****         * EXTI
  59:Src/gpio.c    **** */
  60:Src/gpio.c    **** void MX_GPIO_Init(void)
  61:Src/gpio.c    **** {
  27              		.loc 1 61 1 view -0
  28              		.cfi_startproc
  29              		@ args = 0, pretend = 0, frame = 32
  30              		@ frame_needed = 0, uses_anonymous_args = 0
  31 0000 2DE9F043 		push	{r4, r5, r6, r7, r8, r9, lr}
  32              	.LCFI0:
  33              		.cfi_def_cfa_offset 28
  34              		.cfi_offset 4, -28
  35              		.cfi_offset 5, -24
  36              		.cfi_offset 6, -20
  37              		.cfi_offset 7, -16
  38              		.cfi_offset 8, -12
  39              		.cfi_offset 9, -8
  40              		.cfi_offset 14, -4
  41 0004 89B0     		sub	sp, sp, #36
  42              	.LCFI1:
  43              		.cfi_def_cfa_offset 64
  62:Src/gpio.c    **** 
  63:Src/gpio.c    ****   GPIO_InitTypeDef GPIO_InitStruct;
  44              		.loc 1 63 3 view .LVU1
  64:Src/gpio.c    **** 
  65:Src/gpio.c    ****   /* GPIO Ports Clock Enable */
  66:Src/gpio.c    ****   __HAL_RCC_GPIOC_CLK_ENABLE();
  45              		.loc 1 66 3 view .LVU2
  46              	.LBB2:
  47              		.loc 1 66 3 view .LVU3
  48              		.loc 1 66 3 view .LVU4
  49 0006 344B     		ldr	r3, .L3
ARM GAS  /tmp/ccnAcUbG.s 			page 3


  50 0008 9A69     		ldr	r2, [r3, #24]
  51 000a 42F01002 		orr	r2, r2, #16
  52 000e 9A61     		str	r2, [r3, #24]
  53              		.loc 1 66 3 view .LVU5
  54 0010 9A69     		ldr	r2, [r3, #24]
  55 0012 02F01002 		and	r2, r2, #16
  56 0016 0092     		str	r2, [sp]
  57              		.loc 1 66 3 view .LVU6
  58 0018 009A     		ldr	r2, [sp]
  59              	.LBE2:
  60              		.loc 1 66 3 view .LVU7
  67:Src/gpio.c    ****   __HAL_RCC_GPIOD_CLK_ENABLE();
  61              		.loc 1 67 3 view .LVU8
  62              	.LBB3:
  63              		.loc 1 67 3 view .LVU9
  64              		.loc 1 67 3 view .LVU10
  65 001a 9A69     		ldr	r2, [r3, #24]
  66 001c 42F02002 		orr	r2, r2, #32
  67 0020 9A61     		str	r2, [r3, #24]
  68              		.loc 1 67 3 view .LVU11
  69 0022 9A69     		ldr	r2, [r3, #24]
  70 0024 02F02002 		and	r2, r2, #32
  71 0028 0192     		str	r2, [sp, #4]
  72              		.loc 1 67 3 view .LVU12
  73 002a 019A     		ldr	r2, [sp, #4]
  74              	.LBE3:
  75              		.loc 1 67 3 view .LVU13
  68:Src/gpio.c    ****   __HAL_RCC_GPIOA_CLK_ENABLE();
  76              		.loc 1 68 3 view .LVU14
  77              	.LBB4:
  78              		.loc 1 68 3 view .LVU15
  79              		.loc 1 68 3 view .LVU16
  80 002c 9A69     		ldr	r2, [r3, #24]
  81 002e 42F00402 		orr	r2, r2, #4
  82 0032 9A61     		str	r2, [r3, #24]
  83              		.loc 1 68 3 view .LVU17
  84 0034 9A69     		ldr	r2, [r3, #24]
  85 0036 02F00402 		and	r2, r2, #4
  86 003a 0292     		str	r2, [sp, #8]
  87              		.loc 1 68 3 view .LVU18
  88 003c 029A     		ldr	r2, [sp, #8]
  89              	.LBE4:
  90              		.loc 1 68 3 view .LVU19
  69:Src/gpio.c    ****   __HAL_RCC_GPIOB_CLK_ENABLE();
  91              		.loc 1 69 3 view .LVU20
  92              	.LBB5:
  93              		.loc 1 69 3 view .LVU21
  94              		.loc 1 69 3 view .LVU22
  95 003e 9A69     		ldr	r2, [r3, #24]
  96 0040 42F00802 		orr	r2, r2, #8
  97 0044 9A61     		str	r2, [r3, #24]
  98              		.loc 1 69 3 view .LVU23
  99 0046 9B69     		ldr	r3, [r3, #24]
 100 0048 03F00803 		and	r3, r3, #8
 101 004c 0393     		str	r3, [sp, #12]
 102              		.loc 1 69 3 view .LVU24
 103 004e 039B     		ldr	r3, [sp, #12]
ARM GAS  /tmp/ccnAcUbG.s 			page 4


 104              	.LBE5:
 105              		.loc 1 69 3 view .LVU25
  70:Src/gpio.c    **** 
  71:Src/gpio.c    ****   /*Configure GPIO pin Output Level */
  72:Src/gpio.c    ****   HAL_GPIO_WritePin(OnboardLED_GPIO_Port, OnboardLED_Pin, GPIO_PIN_RESET);
 106              		.loc 1 72 3 view .LVU26
 107 0050 DFF88C90 		ldr	r9, .L3+8
 108 0054 0022     		movs	r2, #0
 109 0056 4FF40051 		mov	r1, #8192
 110 005a 4846     		mov	r0, r9
 111 005c FFF7FEFF 		bl	HAL_GPIO_WritePin
 112              	.LVL0:
  73:Src/gpio.c    **** 
  74:Src/gpio.c    ****   /*Configure GPIO pin Output Level */
  75:Src/gpio.c    ****   HAL_GPIO_WritePin(GPIOA, RS485_EN_Pin|Lampe_Pin|Zeilen_SET_RESET_Pin|Zeilen_OE_Pin
 113              		.loc 1 75 3 view .LVU27
 114 0060 DFF88080 		ldr	r8, .L3+12
 115 0064 0022     		movs	r2, #0
 116 0066 4FF4AF71 		mov	r1, #350
 117 006a 4046     		mov	r0, r8
 118 006c FFF7FEFF 		bl	HAL_GPIO_WritePin
 119              	.LVL1:
  76:Src/gpio.c    ****                           |Zeilen_LATCH_Pin|Spalten_RESET_Pin, GPIO_PIN_RESET);
  77:Src/gpio.c    **** 
  78:Src/gpio.c    ****   /*Configure GPIO pin Output Level */
  79:Src/gpio.c    ****   HAL_GPIO_WritePin(GPIOB, Reset_Pin|Spalten_OE_Pin|Spalten_LATCH_Pin|LED_RX_Pin
 120              		.loc 1 79 3 view .LVU28
 121 0070 1A4E     		ldr	r6, .L3+4
 122 0072 0022     		movs	r2, #0
 123 0074 4FF4B341 		mov	r1, #22912
 124 0078 3046     		mov	r0, r6
 125 007a FFF7FEFF 		bl	HAL_GPIO_WritePin
 126              	.LVL2:
  80:Src/gpio.c    ****                           |LED_Status_Pin, GPIO_PIN_RESET);
  81:Src/gpio.c    **** 
  82:Src/gpio.c    ****   /*Configure GPIO pin : PtPin */
  83:Src/gpio.c    ****   GPIO_InitStruct.Pin = OnboardLED_Pin;
 127              		.loc 1 83 3 view .LVU29
 128              		.loc 1 83 23 is_stmt 0 view .LVU30
 129 007e 4FF40053 		mov	r3, #8192
 130 0082 0493     		str	r3, [sp, #16]
  84:Src/gpio.c    ****   GPIO_InitStruct.Mode = GPIO_MODE_OUTPUT_PP;
 131              		.loc 1 84 3 is_stmt 1 view .LVU31
 132              		.loc 1 84 24 is_stmt 0 view .LVU32
 133 0084 0125     		movs	r5, #1
 134 0086 0595     		str	r5, [sp, #20]
  85:Src/gpio.c    ****   GPIO_InitStruct.Pull = GPIO_NOPULL;
 135              		.loc 1 85 3 is_stmt 1 view .LVU33
 136              		.loc 1 85 24 is_stmt 0 view .LVU34
 137 0088 0024     		movs	r4, #0
 138 008a 0694     		str	r4, [sp, #24]
  86:Src/gpio.c    ****   GPIO_InitStruct.Speed = GPIO_SPEED_FREQ_LOW;
 139              		.loc 1 86 3 is_stmt 1 view .LVU35
 140              		.loc 1 86 25 is_stmt 0 view .LVU36
 141 008c 0227     		movs	r7, #2
 142 008e 0797     		str	r7, [sp, #28]
  87:Src/gpio.c    ****   HAL_GPIO_Init(OnboardLED_GPIO_Port, &GPIO_InitStruct);
ARM GAS  /tmp/ccnAcUbG.s 			page 5


 143              		.loc 1 87 3 is_stmt 1 view .LVU37
 144 0090 04A9     		add	r1, sp, #16
 145 0092 4846     		mov	r0, r9
 146 0094 FFF7FEFF 		bl	HAL_GPIO_Init
 147              	.LVL3:
  88:Src/gpio.c    **** 
  89:Src/gpio.c    ****   /*Configure GPIO pins : PAPin PAPin PAPin PAPin
  90:Src/gpio.c    ****                            PAPin PAPin */
  91:Src/gpio.c    ****   GPIO_InitStruct.Pin = RS485_EN_Pin|Lampe_Pin|Zeilen_SET_RESET_Pin|Zeilen_OE_Pin
 148              		.loc 1 91 3 view .LVU38
 149              		.loc 1 91 23 is_stmt 0 view .LVU39
 150 0098 4FF4AF73 		mov	r3, #350
 151 009c 0493     		str	r3, [sp, #16]
  92:Src/gpio.c    ****                           |Zeilen_LATCH_Pin|Spalten_RESET_Pin;
  93:Src/gpio.c    ****   GPIO_InitStruct.Mode = GPIO_MODE_OUTPUT_PP;
 152              		.loc 1 93 3 is_stmt 1 view .LVU40
 153              		.loc 1 93 24 is_stmt 0 view .LVU41
 154 009e 0595     		str	r5, [sp, #20]
  94:Src/gpio.c    ****   GPIO_InitStruct.Pull = GPIO_NOPULL;
 155              		.loc 1 94 3 is_stmt 1 view .LVU42
 156              		.loc 1 94 24 is_stmt 0 view .LVU43
 157 00a0 0694     		str	r4, [sp, #24]
  95:Src/gpio.c    ****   GPIO_InitStruct.Speed = GPIO_SPEED_FREQ_LOW;
 158              		.loc 1 95 3 is_stmt 1 view .LVU44
 159              		.loc 1 95 25 is_stmt 0 view .LVU45
 160 00a2 0797     		str	r7, [sp, #28]
  96:Src/gpio.c    ****   HAL_GPIO_Init(GPIOA, &GPIO_InitStruct);
 161              		.loc 1 96 3 is_stmt 1 view .LVU46
 162 00a4 04A9     		add	r1, sp, #16
 163 00a6 4046     		mov	r0, r8
 164 00a8 FFF7FEFF 		bl	HAL_GPIO_Init
 165              	.LVL4:
  97:Src/gpio.c    **** 
  98:Src/gpio.c    ****   /*Configure GPIO pins : PBPin PBPin PBPin PBPin
  99:Src/gpio.c    ****                            PBPin PBPin PBPin */
 100:Src/gpio.c    ****   GPIO_InitStruct.Pin = Test_Lampe_Pin|Test_Schwarz_Pin|Test_Gelb_Pin|SW_4_Pin
 166              		.loc 1 100 3 view .LVU47
 167              		.loc 1 100 23 is_stmt 0 view .LVU48
 168 00ac 40F27B43 		movw	r3, #1147
 169 00b0 0493     		str	r3, [sp, #16]
 101:Src/gpio.c    ****                           |SW_3_Pin|SW_2_Pin|SW_1_Pin;
 102:Src/gpio.c    ****   GPIO_InitStruct.Mode = GPIO_MODE_INPUT;
 170              		.loc 1 102 3 is_stmt 1 view .LVU49
 171              		.loc 1 102 24 is_stmt 0 view .LVU50
 172 00b2 0594     		str	r4, [sp, #20]
 103:Src/gpio.c    ****   GPIO_InitStruct.Pull = GPIO_PULLUP;
 173              		.loc 1 103 3 is_stmt 1 view .LVU51
 174              		.loc 1 103 24 is_stmt 0 view .LVU52
 175 00b4 0695     		str	r5, [sp, #24]
 104:Src/gpio.c    ****   HAL_GPIO_Init(GPIOB, &GPIO_InitStruct);
 176              		.loc 1 104 3 is_stmt 1 view .LVU53
 177 00b6 04A9     		add	r1, sp, #16
 178 00b8 3046     		mov	r0, r6
 179 00ba FFF7FEFF 		bl	HAL_GPIO_Init
 180              	.LVL5:
 105:Src/gpio.c    **** 
 106:Src/gpio.c    ****   /*Configure GPIO pins : PBPin PBPin PBPin PBPin
ARM GAS  /tmp/ccnAcUbG.s 			page 6


 107:Src/gpio.c    ****                            PBPin */
 108:Src/gpio.c    ****   GPIO_InitStruct.Pin = Reset_Pin|Spalten_OE_Pin|Spalten_LATCH_Pin|LED_RX_Pin
 181              		.loc 1 108 3 view .LVU54
 182              		.loc 1 108 23 is_stmt 0 view .LVU55
 183 00be 4FF4B343 		mov	r3, #22912
 184 00c2 0493     		str	r3, [sp, #16]
 109:Src/gpio.c    ****                           |LED_Status_Pin;
 110:Src/gpio.c    ****   GPIO_InitStruct.Mode = GPIO_MODE_OUTPUT_PP;
 185              		.loc 1 110 3 is_stmt 1 view .LVU56
 186              		.loc 1 110 24 is_stmt 0 view .LVU57
 187 00c4 0595     		str	r5, [sp, #20]
 111:Src/gpio.c    ****   GPIO_InitStruct.Pull = GPIO_NOPULL;
 188              		.loc 1 111 3 is_stmt 1 view .LVU58
 189              		.loc 1 111 24 is_stmt 0 view .LVU59
 190 00c6 0694     		str	r4, [sp, #24]
 112:Src/gpio.c    ****   GPIO_InitStruct.Speed = GPIO_SPEED_FREQ_LOW;
 191              		.loc 1 112 3 is_stmt 1 view .LVU60
 192              		.loc 1 112 25 is_stmt 0 view .LVU61
 193 00c8 0797     		str	r7, [sp, #28]
 113:Src/gpio.c    ****   HAL_GPIO_Init(GPIOB, &GPIO_InitStruct);
 194              		.loc 1 113 3 is_stmt 1 view .LVU62
 195 00ca 04A9     		add	r1, sp, #16
 196 00cc 3046     		mov	r0, r6
 197 00ce FFF7FEFF 		bl	HAL_GPIO_Init
 198              	.LVL6:
 114:Src/gpio.c    **** 
 115:Src/gpio.c    **** }
 199              		.loc 1 115 1 is_stmt 0 view .LVU63
 200 00d2 09B0     		add	sp, sp, #36
 201              	.LCFI2:
 202              		.cfi_def_cfa_offset 28
 203              		@ sp needed
 204 00d4 BDE8F083 		pop	{r4, r5, r6, r7, r8, r9, pc}
 205              	.L4:
 206              		.align	2
 207              	.L3:
 208 00d8 00100240 		.word	1073876992
 209 00dc 000C0140 		.word	1073810432
 210 00e0 00100140 		.word	1073811456
 211 00e4 00080140 		.word	1073809408
 212              		.cfi_endproc
 213              	.LFE66:
 215              		.text
 216              	.Letext0:
 217              		.file 2 "/usr/lib/gcc/arm-none-eabi/9.2.1/include/stdint.h"
 218              		.file 3 "Drivers/CMSIS/Include/core_cm3.h"
 219              		.file 4 "Drivers/CMSIS/Device/ST/STM32F1xx/Include/system_stm32f1xx.h"
 220              		.file 5 "Drivers/CMSIS/Device/ST/STM32F1xx/Include/stm32f103xb.h"
 221              		.file 6 "/usr/lib/gcc/arm-none-eabi/9.2.1/include/stddef.h"
 222              		.file 7 "/usr/include/newlib/sys/_types.h"
 223              		.file 8 "/usr/include/newlib/sys/reent.h"
 224              		.file 9 "/usr/include/newlib/sys/lock.h"
 225              		.file 10 "Drivers/STM32F1xx_HAL_Driver/Inc/stm32f1xx_hal_gpio.h"
ARM GAS  /tmp/ccnAcUbG.s 			page 7


DEFINED SYMBOLS
                            *ABS*:0000000000000000 gpio.c
     /tmp/ccnAcUbG.s:16     .text.MX_GPIO_Init:0000000000000000 $t
     /tmp/ccnAcUbG.s:24     .text.MX_GPIO_Init:0000000000000000 MX_GPIO_Init
     /tmp/ccnAcUbG.s:208    .text.MX_GPIO_Init:00000000000000d8 $d

UNDEFINED SYMBOLS
HAL_GPIO_WritePin
HAL_GPIO_Init
